Determining if the pthread_create exist failed with the following output:
Change Dir: /home/nvidia/Desktop/Workspace/Test-Sensor/build/CMakeFiles/CMakeTmp

Run Build Command:"/usr/bin/make" "cmTC_ad175/fast"
/usr/bin/make -f CMakeFiles/cmTC_ad175.dir/build.make CMakeFiles/cmTC_ad175.dir/build
make[1]: Entering directory '/home/nvidia/Desktop/Workspace/Test-Sensor/build/CMakeFiles/CMakeTmp'
Building C object CMakeFiles/cmTC_ad175.dir/CheckSymbolExists.c.o
/usr/bin/cc     -o CMakeFiles/cmTC_ad175.dir/CheckSymbolExists.c.o   -c /home/nvidia/Desktop/Workspace/Test-Sensor/build/CMakeFiles/CMakeTmp/CheckSymbolExists.c
Linking C executable cmTC_ad175
/usr/bin/cmake -E cmake_link_script CMakeFiles/cmTC_ad175.dir/link.txt --verbose=1
/usr/bin/cc       CMakeFiles/cmTC_ad175.dir/CheckSymbolExists.c.o  -o cmTC_ad175 
CMakeFiles/cmTC_ad175.dir/CheckSymbolExists.c.o: In function `main':
CheckSymbolExists.c:(.text+0x14): undefined reference to `pthread_create'
CheckSymbolExists.c:(.text+0x18): undefined reference to `pthread_create'
collect2: error: ld returned 1 exit status
CMakeFiles/cmTC_ad175.dir/build.make:97: recipe for target 'cmTC_ad175' failed
make[1]: *** [cmTC_ad175] Error 1
make[1]: Leaving directory '/home/nvidia/Desktop/Workspace/Test-Sensor/build/CMakeFiles/CMakeTmp'
Makefile:126: recipe for target 'cmTC_ad175/fast' failed
make: *** [cmTC_ad175/fast] Error 2

File /home/nvidia/Desktop/Workspace/Test-Sensor/build/CMakeFiles/CMakeTmp/CheckSymbolExists.c:
/* */
#include <pthread.h>

int main(int argc, char** argv)
{
  (void)argv;
#ifndef pthread_create
  return ((int*)(&pthread_create))[argc];
#else
  (void)argc;
  return 0;
#endif
}

Determining if the function pthread_create exists in the pthreads failed with the following output:
Change Dir: /home/nvidia/Desktop/Workspace/Test-Sensor/build/CMakeFiles/CMakeTmp

Run Build Command:"/usr/bin/make" "cmTC_2143a/fast"
/usr/bin/make -f CMakeFiles/cmTC_2143a.dir/build.make CMakeFiles/cmTC_2143a.dir/build
make[1]: Entering directory '/home/nvidia/Desktop/Workspace/Test-Sensor/build/CMakeFiles/CMakeTmp'
Building C object CMakeFiles/cmTC_2143a.dir/CheckFunctionExists.c.o
/usr/bin/cc    -DCHECK_FUNCTION_EXISTS=pthread_create   -o CMakeFiles/cmTC_2143a.dir/CheckFunctionExists.c.o   -c /usr/share/cmake-3.5/Modules/CheckFunctionExists.c
Linking C executable cmTC_2143a
/usr/bin/cmake -E cmake_link_script CMakeFiles/cmTC_2143a.dir/link.txt --verbose=1
/usr/bin/cc   -DCHECK_FUNCTION_EXISTS=pthread_create    CMakeFiles/cmTC_2143a.dir/CheckFunctionExists.c.o  -o cmTC_2143a -lpthreads 
/usr/bin/ld: cannot find -lpthreads
collect2: error: ld returned 1 exit status
CMakeFiles/cmTC_2143a.dir/build.make:97: recipe for target 'cmTC_2143a' failed
make[1]: *** [cmTC_2143a] Error 1
make[1]: Leaving directory '/home/nvidia/Desktop/Workspace/Test-Sensor/build/CMakeFiles/CMakeTmp'
Makefile:126: recipe for target 'cmTC_2143a/fast' failed
make: *** [cmTC_2143a/fast] Error 2


